  main.cpp
c:\users\copys\onedrive\documentos\a escuela\compu grafica avanzada\proyectos visual studio\proyecto\cgaproyecto-final\cgalib\include\headers\abstractmodel.h(264): warning C4251: 'AbstractModel::position': struct 'glm::vec<3,float,0>' needs to have dll-interface to be used by clients of class 'AbstractModel'
  c:\users\copys\onedrive\documentos\a escuela\compu grafica avanzada\proyectos visual studio\proyecto\cgaproyecto-final\external\glm\glm\fwd.hpp(418): note: see declaration of 'glm::vec<3,float,0>'
c:\users\copys\onedrive\documentos\a escuela\compu grafica avanzada\proyectos visual studio\proyecto\cgaproyecto-final\cgalib\include\headers\abstractmodel.h(265): warning C4251: 'AbstractModel::scale': struct 'glm::vec<3,float,0>' needs to have dll-interface to be used by clients of class 'AbstractModel'
  c:\users\copys\onedrive\documentos\a escuela\compu grafica avanzada\proyectos visual studio\proyecto\cgaproyecto-final\external\glm\glm\fwd.hpp(418): note: see declaration of 'glm::vec<3,float,0>'
c:\users\copys\onedrive\documentos\a escuela\compu grafica avanzada\proyectos visual studio\proyecto\cgaproyecto-final\cgalib\include\headers\abstractmodel.h(266): warning C4251: 'AbstractModel::color': struct 'glm::vec<4,float,0>' needs to have dll-interface to be used by clients of class 'AbstractModel'
  c:\users\copys\onedrive\documentos\a escuela\compu grafica avanzada\proyectos visual studio\proyecto\cgaproyecto-final\external\glm\glm\fwd.hpp(419): note: see declaration of 'glm::vec<4,float,0>'
c:\users\copys\onedrive\documentos\a escuela\compu grafica avanzada\proyectos visual studio\proyecto\cgaproyecto-final\cgalib\include\headers\abstractmodel.h(267): warning C4251: 'AbstractModel::orientation': struct 'glm::vec<3,float,0>' needs to have dll-interface to be used by clients of class 'AbstractModel'
  c:\users\copys\onedrive\documentos\a escuela\compu grafica avanzada\proyectos visual studio\proyecto\cgaproyecto-final\external\glm\glm\fwd.hpp(418): note: see declaration of 'glm::vec<3,float,0>'
c:\users\copys\onedrive\documentos\a escuela\compu grafica avanzada\proyectos visual studio\proyecto\cgaproyecto-final\cgalib\include\headers\abstractmodel.h(269): warning C4251: 'AbstractModel::vertexArray': class 'std::vector<AbstractModel::Vertex,std::allocator<_Ty>>' needs to have dll-interface to be used by clients of class 'AbstractModel'
          with
          [
              _Ty=AbstractModel::Vertex
          ]
  c:\users\copys\onedrive\documentos\a escuela\compu grafica avanzada\proyectos visual studio\proyecto\cgaproyecto-final\cgalib\include\headers\abstractmodel.h(245): note: see declaration of 'std::vector<AbstractModel::Vertex,std::allocator<_Ty>>'
          with
          [
              _Ty=AbstractModel::Vertex
          ]
c:\users\copys\onedrive\documentos\a escuela\compu grafica avanzada\proyectos visual studio\proyecto\cgaproyecto-final\cgalib\include\headers\abstractmodel.h(270): warning C4251: 'AbstractModel::index': class 'std::vector<std::seed_seq::result_type,std::allocator<_Ty>>' needs to have dll-interface to be used by clients of class 'AbstractModel'
          with
          [
              _Ty=std::seed_seq::result_type
          ]
  c:\program files (x86)\microsoft visual studio\2017\community\vc\tools\msvc\14.16.27023\include\random(261): note: see declaration of 'std::vector<std::seed_seq::result_type,std::allocator<_Ty>>'
          with
          [
              _Ty=std::seed_seq::result_type
          ]
c:\users\copys\onedrive\documentos\a escuela\compu grafica avanzada\proyectos visual studio\proyecto\cgaproyecto-final\cgalib\include\headers\abstractmodel.h(271): warning C4251: 'AbstractModel::aabb': class 'AbstractModel::AABB' needs to have dll-interface to be used by clients of class 'AbstractModel'
  c:\users\copys\onedrive\documentos\a escuela\compu grafica avanzada\proyectos visual studio\proyecto\cgaproyecto-final\cgalib\include\headers\abstractmodel.h(65): note: see declaration of 'AbstractModel::AABB'
c:\users\copys\onedrive\documentos\a escuela\compu grafica avanzada\proyectos visual studio\proyecto\cgaproyecto-final\cgalib\include\headers\abstractmodel.h(272): warning C4251: 'AbstractModel::sbb': class 'AbstractModel::SBB' needs to have dll-interface to be used by clients of class 'AbstractModel'
  c:\users\copys\onedrive\documentos\a escuela\compu grafica avanzada\proyectos visual studio\proyecto\cgaproyecto-final\cgalib\include\headers\abstractmodel.h(51): note: see declaration of 'AbstractModel::SBB'
c:\users\copys\onedrive\documentos\a escuela\compu grafica avanzada\proyectos visual studio\proyecto\cgaproyecto-final\cgalib\include\headers\abstractmodel.h(273): warning C4251: 'AbstractModel::obb': class 'AbstractModel::OBB' needs to have dll-interface to be used by clients of class 'AbstractModel'
  c:\users\copys\onedrive\documentos\a escuela\compu grafica avanzada\proyectos visual studio\proyecto\cgaproyecto-final\cgalib\include\headers\abstractmodel.h(94): note: see declaration of 'AbstractModel::OBB'
c:\users\copys\onedrive\documentos\a escuela\compu grafica avanzada\proyectos visual studio\proyecto\cgaproyecto-final\cgalib\include\headers\abstractmodel.h(75): warning C4244: '=': conversion from 'double' to 'T', possible loss of data
          with
          [
              T=float
          ]
c:\users\copys\onedrive\documentos\a escuela\compu grafica avanzada\proyectos visual studio\proyecto\cgaproyecto-final\cgalib\include\headers\abstractmodel.h(76): warning C4244: '=': conversion from 'double' to 'T', possible loss of data
          with
          [
              T=float
          ]
c:\users\copys\onedrive\documentos\a escuela\compu grafica avanzada\proyectos visual studio\proyecto\cgaproyecto-final\cgalib\include\headers\abstractmodel.h(77): warning C4244: '=': conversion from 'double' to 'T', possible loss of data
          with
          [
              T=float
          ]
c:\users\copys\onedrive\documentos\a escuela\compu grafica avanzada\proyectos visual studio\proyecto\cgaproyecto-final\cgalib\include\headers\abstractmodel.h(78): warning C4244: '=': conversion from 'double' to 'T', possible loss of data
          with
          [
              T=float
          ]
c:\users\copys\onedrive\documentos\a escuela\compu grafica avanzada\proyectos visual studio\proyecto\cgaproyecto-final\cgalib\include\headers\abstractmodel.h(79): warning C4244: '=': conversion from 'double' to 'T', possible loss of data
          with
          [
              T=float
          ]
c:\users\copys\onedrive\documentos\a escuela\compu grafica avanzada\proyectos visual studio\proyecto\cgaproyecto-final\cgalib\include\headers\abstractmodel.h(80): warning C4244: '=': conversion from 'double' to 'T', possible loss of data
          with
          [
              T=float
          ]
c:\users\copys\onedrive\documentos\a escuela\compu grafica avanzada\proyectos visual studio\proyecto\cgaproyecto-final\cgalib\include\headers\sphere.h(39): warning C4251: 'Sphere::sbb': class 'AbstractModel::SBB' needs to have dll-interface to be used by clients of class 'Sphere'
  c:\users\copys\onedrive\documentos\a escuela\compu grafica avanzada\proyectos visual studio\proyecto\cgaproyecto-final\cgalib\include\headers\abstractmodel.h(51): note: see declaration of 'AbstractModel::SBB'
c:\users\copys\onedrive\documentos\a escuela\compu grafica avanzada\proyectos visual studio\proyecto\cgaproyecto-final\cgalib\include\headers\box.h(37): warning C4251: 'Box::aabb': class 'AbstractModel::AABB' needs to have dll-interface to be used by clients of class 'Box'
  c:\users\copys\onedrive\documentos\a escuela\compu grafica avanzada\proyectos visual studio\proyecto\cgaproyecto-final\cgalib\include\headers\abstractmodel.h(65): note: see declaration of 'AbstractModel::AABB'
c:\users\copys\onedrive\documentos\a escuela\compu grafica avanzada\proyectos visual studio\proyecto\cgaproyecto-final\cgalib\include\headers\camera.h(111): warning C4251: 'Camera::position': struct 'glm::vec<3,float,0>' needs to have dll-interface to be used by clients of class 'Camera'
  c:\users\copys\onedrive\documentos\a escuela\compu grafica avanzada\proyectos visual studio\proyecto\cgaproyecto-final\external\glm\glm\fwd.hpp(418): note: see declaration of 'glm::vec<3,float,0>'
c:\users\copys\onedrive\documentos\a escuela\compu grafica avanzada\proyectos visual studio\proyecto\cgaproyecto-final\cgalib\include\headers\camera.h(112): warning C4251: 'Camera::front': struct 'glm::vec<3,float,0>' needs to have dll-interface to be used by clients of class 'Camera'
  c:\users\copys\onedrive\documentos\a escuela\compu grafica avanzada\proyectos visual studio\proyecto\cgaproyecto-final\external\glm\glm\fwd.hpp(418): note: see declaration of 'glm::vec<3,float,0>'
c:\users\copys\onedrive\documentos\a escuela\compu grafica avanzada\proyectos visual studio\proyecto\cgaproyecto-final\cgalib\include\headers\camera.h(113): warning C4251: 'Camera::up': struct 'glm::vec<3,float,0>' needs to have dll-interface to be used by clients of class 'Camera'
  c:\users\copys\onedrive\documentos\a escuela\compu grafica avanzada\proyectos visual studio\proyecto\cgaproyecto-final\external\glm\glm\fwd.hpp(418): note: see declaration of 'glm::vec<3,float,0>'
c:\users\copys\onedrive\documentos\a escuela\compu grafica avanzada\proyectos visual studio\proyecto\cgaproyecto-final\cgalib\include\headers\camera.h(114): warning C4251: 'Camera::right': struct 'glm::vec<3,float,0>' needs to have dll-interface to be used by clients of class 'Camera'
  c:\users\copys\onedrive\documentos\a escuela\compu grafica avanzada\proyectos visual studio\proyecto\cgaproyecto-final\external\glm\glm\fwd.hpp(418): note: see declaration of 'glm::vec<3,float,0>'
c:\users\copys\onedrive\documentos\a escuela\compu grafica avanzada\proyectos visual studio\proyecto\cgaproyecto-final\cgalib\include\headers\camera.h(115): warning C4251: 'Camera::worldUp': struct 'glm::vec<3,float,0>' needs to have dll-interface to be used by clients of class 'Camera'
  c:\users\copys\onedrive\documentos\a escuela\compu grafica avanzada\proyectos visual studio\proyecto\cgaproyecto-final\external\glm\glm\fwd.hpp(418): note: see declaration of 'glm::vec<3,float,0>'
c:\users\copys\onedrive\documentos\a escuela\compu grafica avanzada\proyectos visual studio\proyecto\cgaproyecto-final\cgalib\include\headers\camera.h(117): warning C4251: 'Camera::cameraTarget': struct 'glm::vec<3,float,0>' needs to have dll-interface to be used by clients of class 'Camera'
  c:\users\copys\onedrive\documentos\a escuela\compu grafica avanzada\proyectos visual studio\proyecto\cgaproyecto-final\external\glm\glm\fwd.hpp(418): note: see declaration of 'glm::vec<3,float,0>'
c:\users\copys\onedrive\documentos\a escuela\compu grafica avanzada\proyectos visual studio\proyecto\cgaproyecto-final\cgalib\include\headers\texture.h(66): warning C4251: 'Texture::m_fileName': class 'std::basic_string<char,std::char_traits<char>,std::allocator<char>>' needs to have dll-interface to be used by clients of class 'Texture'
  c:\program files (x86)\microsoft visual studio\2017\community\vc\tools\msvc\14.16.27023\include\xstring(4373): note: see declaration of 'std::basic_string<char,std::char_traits<char>,std::allocator<char>>'
c:\users\copys\onedrive\documentos\a escuela\compu grafica avanzada\proyectos visual studio\proyecto\cgaproyecto-final\cgalib\include\headers\texture.h(69): warning C4251: 'Texture::type': class 'std::basic_string<char,std::char_traits<char>,std::allocator<char>>' needs to have dll-interface to be used by clients of class 'Texture'
  c:\program files (x86)\microsoft visual studio\2017\community\vc\tools\msvc\14.16.27023\include\xstring(4373): note: see declaration of 'std::basic_string<char,std::char_traits<char>,std::allocator<char>>'
c:\users\copys\onedrive\documentos\a escuela\compu grafica avanzada\proyectos visual studio\proyecto\cgaproyecto-final\cgalib\include\headers\bones.h(111): warning C4251: 'Bones::m_BoneMapping': class 'std::map<std::string,unsigned int,std::less<_Kty>,std::allocator<std::pair<const _Kty,_Ty>>>' needs to have dll-interface to be used by clients of class 'Bones'
          with
          [
              _Kty=std::string,
              _Ty=unsigned int
          ]
  c:\users\copys\onedrive\documentos\a escuela\compu grafica avanzada\proyectos visual studio\proyecto\cgaproyecto-final\cgalib\include\headers\bones.h(111): note: see declaration of 'std::map<std::string,unsigned int,std::less<_Kty>,std::allocator<std::pair<const _Kty,_Ty>>>'
          with
          [
              _Kty=std::string,
              _Ty=unsigned int
          ]
c:\users\copys\onedrive\documentos\a escuela\compu grafica avanzada\proyectos visual studio\proyecto\cgaproyecto-final\cgalib\include\headers\bones.h(112): warning C4251: 'Bones::m_BoneInfo': class 'std::vector<Bones::BoneInfo,std::allocator<_Ty>>' needs to have dll-interface to be used by clients of class 'Bones'
          with
          [
              _Ty=Bones::BoneInfo
          ]
  c:\users\copys\onedrive\documentos\a escuela\compu grafica avanzada\proyectos visual studio\proyecto\cgaproyecto-final\cgalib\include\headers\bones.h(112): note: see declaration of 'std::vector<Bones::BoneInfo,std::allocator<_Ty>>'
          with
          [
              _Ty=Bones::BoneInfo
          ]
c:\users\copys\onedrive\documentos\a escuela\compu grafica avanzada\proyectos visual studio\proyecto\cgaproyecto-final\cgalib\include\headers\bones.h(113): warning C4251: 'Bones::bones': class 'std::vector<Bones::VertexBoneData,std::allocator<_Ty>>' needs to have dll-interface to be used by clients of class 'Bones'
          with
          [
              _Ty=Bones::VertexBoneData
          ]
  c:\users\copys\onedrive\documentos\a escuela\compu grafica avanzada\proyectos visual studio\proyecto\cgaproyecto-final\cgalib\include\headers\bones.h(113): note: see declaration of 'std::vector<Bones::VertexBoneData,std::allocator<_Ty>>'
          with
          [
              _Ty=Bones::VertexBoneData
          ]
c:\users\copys\onedrive\documentos\a escuela\compu grafica avanzada\proyectos visual studio\proyecto\cgaproyecto-final\cgalib\include\headers\mesh.h(54): warning C4251: 'Mesh::textures': class 'std::vector<Texture *,std::allocator<_Ty>>' needs to have dll-interface to be used by clients of class 'Mesh'
          with
          [
              _Ty=Texture *
          ]
  c:\users\copys\onedrive\documentos\a escuela\compu grafica avanzada\proyectos visual studio\proyecto\cgaproyecto-final\cgalib\include\headers\mesh.h(54): note: see declaration of 'std::vector<Texture *,std::allocator<_Ty>>'
          with
          [
              _Ty=Texture *
          ]
c:\users\copys\onedrive\documentos\a escuela\compu grafica avanzada\proyectos visual studio\proyecto\cgaproyecto-final\cgalib\include\headers\model.h(66): warning C4251: 'Model::meshes': class 'std::vector<Mesh *,std::allocator<_Ty>>' needs to have dll-interface to be used by clients of class 'Model'
          with
          [
              _Ty=Mesh *
          ]
  c:\users\copys\onedrive\documentos\a escuela\compu grafica avanzada\proyectos visual studio\proyecto\cgaproyecto-final\cgalib\include\headers\model.h(50): note: see declaration of 'std::vector<Mesh *,std::allocator<_Ty>>'
          with
          [
              _Ty=Mesh *
          ]
c:\users\copys\onedrive\documentos\a escuela\compu grafica avanzada\proyectos visual studio\proyecto\cgaproyecto-final\cgalib\include\headers\model.h(67): warning C4251: 'Model::textureLoaded': class 'std::vector<Texture *,std::allocator<_Ty>>' needs to have dll-interface to be used by clients of class 'Model'
          with
          [
              _Ty=Texture *
          ]
  c:\users\copys\onedrive\documentos\a escuela\compu grafica avanzada\proyectos visual studio\proyecto\cgaproyecto-final\cgalib\include\headers\mesh.h(54): note: see declaration of 'std::vector<Texture *,std::allocator<_Ty>>'
          with
          [
              _Ty=Texture *
          ]
c:\users\copys\onedrive\documentos\a escuela\compu grafica avanzada\proyectos visual studio\proyecto\cgaproyecto-final\cgalib\include\headers\model.h(68): warning C4251: 'Model::directory': class 'std::basic_string<char,std::char_traits<char>,std::allocator<char>>' needs to have dll-interface to be used by clients of class 'Model'
  c:\program files (x86)\microsoft visual studio\2017\community\vc\tools\msvc\14.16.27023\include\xstring(4373): note: see declaration of 'std::basic_string<char,std::char_traits<char>,std::allocator<char>>'
c:\users\copys\onedrive\documentos\a escuela\compu grafica avanzada\proyectos visual studio\proyecto\cgaproyecto-final\cgalib\include\headers\model.h(70): warning C4251: 'Model::m_GlobalInverseTransform': struct 'glm::mat<4,4,glm::f32,0>' needs to have dll-interface to be used by clients of class 'Model'
  c:\users\copys\onedrive\documentos\a escuela\compu grafica avanzada\proyectos visual studio\proyecto\cgaproyecto-final\external\glm\glm\fwd.hpp(518): note: see declaration of 'glm::mat<4,4,glm::f32,0>'
c:\users\copys\onedrive\documentos\a escuela\compu grafica avanzada\proyectos visual studio\proyecto\cgaproyecto-final\cgalib\include\headers\model.h(72): warning C4251: 'Model::importer': class 'Assimp::Importer' needs to have dll-interface to be used by clients of class 'Model'
  c:\users\copys\onedrive\documentos\a escuela\compu grafica avanzada\proyectos visual studio\proyecto\cgaproyecto-final\external\assimp\include\assimp\importer.hpp(115): note: see declaration of 'Assimp::Importer'
c:\users\copys\onedrive\documentos\a escuela\compu grafica avanzada\proyectos visual studio\proyecto\cgaproyecto-final\cgalib\include\headers\terrain.h(50): warning C4251: 'Terrain::heightMap': class 'std::basic_string<char,std::char_traits<char>,std::allocator<char>>' needs to have dll-interface to be used by clients of class 'Terrain'
  c:\program files (x86)\microsoft visual studio\2017\community\vc\tools\msvc\14.16.27023\include\xstring(4373): note: see declaration of 'std::basic_string<char,std::char_traits<char>,std::allocator<char>>'
c:\users\copys\onedrive\documentos\a escuela\compu grafica avanzada\proyectos visual studio\proyecto\cgaproyecto-final\cgalib\include\headers\animationutils.h(57): warning C4273: 'matToString': inconsistent dll linkage
  c:\users\copys\onedrive\documentos\a escuela\compu grafica avanzada\proyectos visual studio\proyecto\cgaproyecto-final\cgalib\include\headers\animationutils.h(45): note: see previous definition of 'matToString'
c:\users\copys\onedrive\documentos\a escuela\compu grafica avanzada\proyectos visual studio\proyecto\cgaproyecto-final\cgalib\include\headers\animationutils.h(69): warning C4273: 'appendFrame': inconsistent dll linkage
  c:\users\copys\onedrive\documentos\a escuela\compu grafica avanzada\proyectos visual studio\proyecto\cgaproyecto-final\cgalib\include\headers\animationutils.h(46): note: see previous definition of 'appendFrame'
c:\users\copys\onedrive\documentos\a escuela\compu grafica avanzada\proyectos visual studio\proyecto\cgaproyecto-final\cgalib\include\headers\animationutils.h(78): warning C4273: 'appendFrame': inconsistent dll linkage
  c:\users\copys\onedrive\documentos\a escuela\compu grafica avanzada\proyectos visual studio\proyecto\cgaproyecto-final\cgalib\include\headers\animationutils.h(48): note: see previous definition of 'appendFrame'
c:\users\copys\onedrive\documentos\a escuela\compu grafica avanzada\proyectos visual studio\proyecto\cgaproyecto-final\cgalib\include\headers\animationutils.h(86): warning C4273: 'getKeyFrames': inconsistent dll linkage
  c:\users\copys\onedrive\documentos\a escuela\compu grafica avanzada\proyectos visual studio\proyecto\cgaproyecto-final\cgalib\include\headers\animationutils.h(50): note: see previous definition of 'getKeyFrames'
c:\users\copys\onedrive\documentos\a escuela\compu grafica avanzada\proyectos visual studio\proyecto\cgaproyecto-final\cgalib\include\headers\animationutils.h(112): warning C4244: '=': conversion from 'double' to 'float', possible loss of data
c:\users\copys\onedrive\documentos\a escuela\compu grafica avanzada\proyectos visual studio\proyecto\cgaproyecto-final\cgalib\include\headers\animationutils.h(128): warning C4244: '=': conversion from 'double' to 'float', possible loss of data
c:\users\copys\onedrive\documentos\a escuela\compu grafica avanzada\proyectos visual studio\proyecto\cgaproyecto-final\cgalib\include\headers\animationutils.h(138): warning C4273: 'getKeyRotFrames': inconsistent dll linkage
  c:\users\copys\onedrive\documentos\a escuela\compu grafica avanzada\proyectos visual studio\proyecto\cgaproyecto-final\cgalib\include\headers\animationutils.h(51): note: see previous definition of 'getKeyRotFrames'
c:\users\copys\onedrive\documentos\a escuela\compu grafica avanzada\proyectos visual studio\proyecto\cgaproyecto-final\cgalib\include\headers\animationutils.h(153): warning C4244: 'initializing': conversion from 'double' to 'float', possible loss of data
c:\users\copys\onedrive\documentos\a escuela\compu grafica avanzada\proyectos visual studio\proyecto\cgaproyecto-final\cgalib\include\headers\animationutils.h(163): warning C4273: 'interpolate': inconsistent dll linkage
  c:\users\copys\onedrive\documentos\a escuela\compu grafica avanzada\proyectos visual studio\proyecto\cgaproyecto-final\cgalib\include\headers\animationutils.h(52): note: see previous definition of 'interpolate'
c:\users\copys\onedrive\documentos\a escuela\compu grafica avanzada\proyectos visual studio\proyecto\cgaproyecto-final\cgalib\include\headers\animationutils.h(184): warning C4273: 'interpolate': inconsistent dll linkage
  c:\users\copys\onedrive\documentos\a escuela\compu grafica avanzada\proyectos visual studio\proyecto\cgaproyecto-final\cgalib\include\headers\animationutils.h(54): note: see previous definition of 'interpolate'
c:\users\copys\onedrive\documentos\a escuela\compu grafica avanzada\proyectos visual studio\proyecto\cgaproyecto-final\cgalib\include\headers\colisiones.h(133): warning C4305: 'initializing': truncation from 'double' to 'float'
c:\users\copys\onedrive\documentos\a escuela\compu grafica avanzada\proyectos visual studio\proyecto\cgaproyecto-final\cgalib\include\headers\shadowbox.h(40): warning C4251: 'ShadowBox::front': struct 'glm::vec<3,float,0>' needs to have dll-interface to be used by clients of class 'ShadowBox'
  c:\users\copys\onedrive\documentos\a escuela\compu grafica avanzada\proyectos visual studio\proyecto\cgaproyecto-final\external\glm\glm\fwd.hpp(418): note: see declaration of 'glm::vec<3,float,0>'
c:\users\copys\onedrive\documentos\a escuela\compu grafica avanzada\proyectos visual studio\proyecto\cgaproyecto-final\cgalib\include\headers\shadowbox.h(41): warning C4251: 'ShadowBox::up': struct 'glm::vec<3,float,0>' needs to have dll-interface to be used by clients of class 'ShadowBox'
  c:\users\copys\onedrive\documentos\a escuela\compu grafica avanzada\proyectos visual studio\proyecto\cgaproyecto-final\external\glm\glm\fwd.hpp(418): note: see declaration of 'glm::vec<3,float,0>'
c:\users\copys\onedrive\documentos\a escuela\compu grafica avanzada\proyectos visual studio\proyecto\cgaproyecto-final\cgalib\include\headers\shadowbox.h(42): warning C4251: 'ShadowBox::right': struct 'glm::vec<3,float,0>' needs to have dll-interface to be used by clients of class 'ShadowBox'
  c:\users\copys\onedrive\documentos\a escuela\compu grafica avanzada\proyectos visual studio\proyecto\cgaproyecto-final\external\glm\glm\fwd.hpp(418): note: see declaration of 'glm::vec<3,float,0>'
c:\users\copys\onedrive\documentos\a escuela\compu grafica avanzada\proyectos visual studio\proyecto\cgaproyecto-final\cgalib\include\headers\shadowbox.h(43): warning C4251: 'ShadowBox::mins': struct 'glm::vec<3,float,0>' needs to have dll-interface to be used by clients of class 'ShadowBox'
  c:\users\copys\onedrive\documentos\a escuela\compu grafica avanzada\proyectos visual studio\proyecto\cgaproyecto-final\external\glm\glm\fwd.hpp(418): note: see declaration of 'glm::vec<3,float,0>'
c:\users\copys\onedrive\documentos\a escuela\compu grafica avanzada\proyectos visual studio\proyecto\cgaproyecto-final\cgalib\include\headers\shadowbox.h(44): warning C4251: 'ShadowBox::maxs': struct 'glm::vec<3,float,0>' needs to have dll-interface to be used by clients of class 'ShadowBox'
  c:\users\copys\onedrive\documentos\a escuela\compu grafica avanzada\proyectos visual studio\proyecto\cgaproyecto-final\external\glm\glm\fwd.hpp(418): note: see declaration of 'glm::vec<3,float,0>'
c:\users\copys\onedrive\documentos\a escuela\compu grafica avanzada\proyectos visual studio\proyecto\cgaproyecto-final\el_incidente_del_becario\src\main.cpp(325): warning C4305: 'initializing': truncation from 'double' to '_Ty'
          with
          [
              _Ty=float
          ]
c:\users\copys\onedrive\documentos\a escuela\compu grafica avanzada\proyectos visual studio\proyecto\cgaproyecto-final\el_incidente_del_becario\src\main.cpp(341): warning C4305: 'initializing': truncation from 'double' to 'float'
c:\users\copys\onedrive\documentos\a escuela\compu grafica avanzada\proyectos visual studio\proyecto\cgaproyecto-final\el_incidente_del_becario\src\main.cpp(1150): warning C4018: '<': signed/unsigned mismatch
c:\users\copys\onedrive\documentos\a escuela\compu grafica avanzada\proyectos visual studio\proyecto\cgaproyecto-final\el_incidente_del_becario\src\main.cpp(1410): warning C4244: '=': conversion from 'double' to 'int', possible loss of data
c:\users\copys\onedrive\documentos\a escuela\compu grafica avanzada\proyectos visual studio\proyecto\cgaproyecto-final\el_incidente_del_becario\src\main.cpp(1411): warning C4244: '=': conversion from 'double' to 'int', possible loss of data
c:\users\copys\onedrive\documentos\a escuela\compu grafica avanzada\proyectos visual studio\proyecto\cgaproyecto-final\el_incidente_del_becario\src\main.cpp(1412): warning C4244: '=': conversion from 'double' to 'int', possible loss of data
c:\users\copys\onedrive\documentos\a escuela\compu grafica avanzada\proyectos visual studio\proyecto\cgaproyecto-final\el_incidente_del_becario\src\main.cpp(1413): warning C4244: '=': conversion from 'double' to 'int', possible loss of data
c:\users\copys\onedrive\documentos\a escuela\compu grafica avanzada\proyectos visual studio\proyecto\cgaproyecto-final\el_incidente_del_becario\src\main.cpp(1417): warning C4244: '-=': conversion from 'double' to 'float', possible loss of data
c:\users\copys\onedrive\documentos\a escuela\compu grafica avanzada\proyectos visual studio\proyecto\cgaproyecto-final\el_incidente_del_becario\src\main.cpp(1483): warning C4244: 'argument': conversion from 'double' to 'float', possible loss of data
c:\users\copys\onedrive\documentos\a escuela\compu grafica avanzada\proyectos visual studio\proyecto\cgaproyecto-final\el_incidente_del_becario\src\main.cpp(1483): warning C4244: 'argument': conversion from 'int' to 'float', possible loss of data
c:\users\copys\onedrive\documentos\a escuela\compu grafica avanzada\proyectos visual studio\proyecto\cgaproyecto-final\el_incidente_del_becario\src\main.cpp(1485): warning C4244: 'argument': conversion from 'double' to 'float', possible loss of data
c:\users\copys\onedrive\documentos\a escuela\compu grafica avanzada\proyectos visual studio\proyecto\cgaproyecto-final\el_incidente_del_becario\src\main.cpp(1485): warning C4244: 'argument': conversion from 'int' to 'float', possible loss of data
c:\users\copys\onedrive\documentos\a escuela\compu grafica avanzada\proyectos visual studio\proyecto\cgaproyecto-final\el_incidente_del_becario\src\main.cpp(1530): warning C4305: '+=': truncation from 'double' to 'float'
c:\users\copys\onedrive\documentos\a escuela\compu grafica avanzada\proyectos visual studio\proyecto\cgaproyecto-final\el_incidente_del_becario\src\main.cpp(1533): warning C4305: '-=': truncation from 'double' to 'float'
c:\users\copys\onedrive\documentos\a escuela\compu grafica avanzada\proyectos visual studio\proyecto\cgaproyecto-final\el_incidente_del_becario\src\main.cpp(1536): warning C4305: '+=': truncation from 'double' to 'float'
c:\users\copys\onedrive\documentos\a escuela\compu grafica avanzada\proyectos visual studio\proyecto\cgaproyecto-final\el_incidente_del_becario\src\main.cpp(1539): warning C4305: '-=': truncation from 'double' to 'float'
c:\users\copys\onedrive\documentos\a escuela\compu grafica avanzada\proyectos visual studio\proyecto\cgaproyecto-final\el_incidente_del_becario\src\main.cpp(1542): warning C4305: '+=': truncation from 'double' to 'float'
c:\users\copys\onedrive\documentos\a escuela\compu grafica avanzada\proyectos visual studio\proyecto\cgaproyecto-final\el_incidente_del_becario\src\main.cpp(1545): warning C4305: '-=': truncation from 'double' to 'float'
c:\users\copys\onedrive\documentos\a escuela\compu grafica avanzada\proyectos visual studio\proyecto\cgaproyecto-final\el_incidente_del_becario\src\main.cpp(1548): warning C4305: '+=': truncation from 'double' to 'float'
c:\users\copys\onedrive\documentos\a escuela\compu grafica avanzada\proyectos visual studio\proyecto\cgaproyecto-final\el_incidente_del_becario\src\main.cpp(1551): warning C4305: '-=': truncation from 'double' to 'float'
c:\users\copys\onedrive\documentos\a escuela\compu grafica avanzada\proyectos visual studio\proyecto\cgaproyecto-final\el_incidente_del_becario\src\main.cpp(1554): warning C4305: '+=': truncation from 'double' to 'float'
c:\users\copys\onedrive\documentos\a escuela\compu grafica avanzada\proyectos visual studio\proyecto\cgaproyecto-final\el_incidente_del_becario\src\main.cpp(1557): warning C4305: '-=': truncation from 'double' to 'float'
c:\users\copys\onedrive\documentos\a escuela\compu grafica avanzada\proyectos visual studio\proyecto\cgaproyecto-final\el_incidente_del_becario\src\main.cpp(1560): warning C4305: '+=': truncation from 'double' to 'float'
c:\users\copys\onedrive\documentos\a escuela\compu grafica avanzada\proyectos visual studio\proyecto\cgaproyecto-final\el_incidente_del_becario\src\main.cpp(1563): warning C4305: '-=': truncation from 'double' to 'float'
c:\users\copys\onedrive\documentos\a escuela\compu grafica avanzada\proyectos visual studio\proyecto\cgaproyecto-final\el_incidente_del_becario\src\main.cpp(1566): warning C4305: '+=': truncation from 'double' to 'float'
c:\users\copys\onedrive\documentos\a escuela\compu grafica avanzada\proyectos visual studio\proyecto\cgaproyecto-final\el_incidente_del_becario\src\main.cpp(1569): warning C4305: '-=': truncation from 'double' to 'float'
c:\users\copys\onedrive\documentos\a escuela\compu grafica avanzada\proyectos visual studio\proyecto\cgaproyecto-final\el_incidente_del_becario\src\main.cpp(1642): warning C4244: '=': conversion from 'double' to 'T', possible loss of data
          with
          [
              T=float
          ]
c:\users\copys\onedrive\documentos\a escuela\compu grafica avanzada\proyectos visual studio\proyecto\cgaproyecto-final\el_incidente_del_becario\src\main.cpp(1714): warning C4244: '=': conversion from 'double' to 'T', possible loss of data
          with
          [
              T=float
          ]
c:\users\copys\onedrive\documentos\a escuela\compu grafica avanzada\proyectos visual studio\proyecto\cgaproyecto-final\el_incidente_del_becario\src\main.cpp(1715): warning C4244: '=': conversion from 'double' to 'T', possible loss of data
          with
          [
              T=float
          ]
c:\users\copys\onedrive\documentos\a escuela\compu grafica avanzada\proyectos visual studio\proyecto\cgaproyecto-final\el_incidente_del_becario\src\main.cpp(1716): warning C4244: '=': conversion from 'double' to 'T', possible loss of data
          with
          [
              T=float
          ]
c:\users\copys\onedrive\documentos\a escuela\compu grafica avanzada\proyectos visual studio\proyecto\cgaproyecto-final\el_incidente_del_becario\src\main.cpp(1791): warning C4305: 'argument': truncation from 'double' to 'float'
c:\users\copys\onedrive\documentos\a escuela\compu grafica avanzada\proyectos visual studio\proyecto\cgaproyecto-final\el_incidente_del_becario\src\main.cpp(1792): warning C4305: 'argument': truncation from 'double' to 'float'
c:\users\copys\onedrive\documentos\a escuela\compu grafica avanzada\proyectos visual studio\proyecto\cgaproyecto-final\el_incidente_del_becario\src\main.cpp(1801): warning C4305: 'argument': truncation from 'double' to 'float'
c:\users\copys\onedrive\documentos\a escuela\compu grafica avanzada\proyectos visual studio\proyecto\cgaproyecto-final\el_incidente_del_becario\src\main.cpp(1802): warning C4305: 'argument': truncation from 'double' to 'float'
c:\users\copys\onedrive\documentos\a escuela\compu grafica avanzada\proyectos visual studio\proyecto\cgaproyecto-final\el_incidente_del_becario\src\main.cpp(1981): warning C4018: '<': signed/unsigned mismatch
c:\users\copys\onedrive\documentos\a escuela\compu grafica avanzada\proyectos visual studio\proyecto\cgaproyecto-final\el_incidente_del_becario\src\main.cpp(2000): warning C4018: '<': signed/unsigned mismatch
c:\users\copys\onedrive\documentos\a escuela\compu grafica avanzada\proyectos visual studio\proyecto\cgaproyecto-final\el_incidente_del_becario\src\main.cpp(2033): warning C4018: '<': signed/unsigned mismatch
c:\users\copys\onedrive\documentos\a escuela\compu grafica avanzada\proyectos visual studio\proyecto\cgaproyecto-final\el_incidente_del_becario\src\main.cpp(2051): warning C4018: '<': signed/unsigned mismatch
c:\users\copys\onedrive\documentos\a escuela\compu grafica avanzada\proyectos visual studio\proyecto\cgaproyecto-final\el_incidente_del_becario\src\main.cpp(2070): warning C4018: '<': signed/unsigned mismatch
c:\users\copys\onedrive\documentos\a escuela\compu grafica avanzada\proyectos visual studio\proyecto\cgaproyecto-final\el_incidente_del_becario\src\main.cpp(2087): warning C4018: '<': signed/unsigned mismatch
c:\users\copys\onedrive\documentos\a escuela\compu grafica avanzada\proyectos visual studio\proyecto\cgaproyecto-final\el_incidente_del_becario\src\main.cpp(2105): warning C4018: '<': signed/unsigned mismatch
c:\users\copys\onedrive\documentos\a escuela\compu grafica avanzada\proyectos visual studio\proyecto\cgaproyecto-final\el_incidente_del_becario\src\main.cpp(2123): warning C4018: '<': signed/unsigned mismatch
c:\users\copys\onedrive\documentos\a escuela\compu grafica avanzada\proyectos visual studio\proyecto\cgaproyecto-final\el_incidente_del_becario\src\main.cpp(2294): warning C4018: '>': signed/unsigned mismatch
c:\users\copys\onedrive\documentos\a escuela\compu grafica avanzada\proyectos visual studio\proyecto\cgaproyecto-final\el_incidente_del_becario\src\main.cpp(2322): warning C4018: '>': signed/unsigned mismatch
c:\users\copys\onedrive\documentos\a escuela\compu grafica avanzada\proyectos visual studio\proyecto\cgaproyecto-final\el_incidente_del_becario\src\main.cpp(2567): warning C4018: '<': signed/unsigned mismatch
c:\users\copys\onedrive\documentos\a escuela\compu grafica avanzada\proyectos visual studio\proyecto\cgaproyecto-final\el_incidente_del_becario\src\main.cpp(2575): warning C4018: '<': signed/unsigned mismatch
c:\users\copys\onedrive\documentos\a escuela\compu grafica avanzada\proyectos visual studio\proyecto\cgaproyecto-final\el_incidente_del_becario\src\main.cpp(2583): warning C4018: '<': signed/unsigned mismatch
c:\users\copys\onedrive\documentos\a escuela\compu grafica avanzada\proyectos visual studio\proyecto\cgaproyecto-final\el_incidente_del_becario\src\main.cpp(2591): warning C4018: '<': signed/unsigned mismatch
c:\users\copys\onedrive\documentos\a escuela\compu grafica avanzada\proyectos visual studio\proyecto\cgaproyecto-final\el_incidente_del_becario\src\main.cpp(2599): warning C4018: '<': signed/unsigned mismatch
c:\users\copys\onedrive\documentos\a escuela\compu grafica avanzada\proyectos visual studio\proyecto\cgaproyecto-final\el_incidente_del_becario\src\main.cpp(2609): warning C4018: '<': signed/unsigned mismatch
c:\users\copys\onedrive\documentos\a escuela\compu grafica avanzada\proyectos visual studio\proyecto\cgaproyecto-final\el_incidente_del_becario\src\main.cpp(2617): warning C4018: '<': signed/unsigned mismatch
c:\users\copys\onedrive\documentos\a escuela\compu grafica avanzada\proyectos visual studio\proyecto\cgaproyecto-final\el_incidente_del_becario\src\main.cpp(2625): warning C4018: '<': signed/unsigned mismatch
c:\users\copys\onedrive\documentos\a escuela\compu grafica avanzada\proyectos visual studio\proyecto\cgaproyecto-final\el_incidente_del_becario\src\main.cpp(2634): warning C4018: '<': signed/unsigned mismatch
c:\users\copys\onedrive\documentos\a escuela\compu grafica avanzada\proyectos visual studio\proyecto\cgaproyecto-final\el_incidente_del_becario\src\main.cpp(2714): warning C4244: '=': conversion from 'double' to 'T', possible loss of data
          with
          [
              T=float
          ]
c:\users\copys\onedrive\documentos\a escuela\compu grafica avanzada\proyectos visual studio\proyecto\cgaproyecto-final\el_incidente_del_becario\src\main.cpp(2753): warning C4018: '<': signed/unsigned mismatch
     Creating library C:\Users\copys\OneDrive\Documentos\a escuela\compu grafica avanzada\proyectos visual studio\proyecto\CGAProyecto-Final\Proyectofinal\Release\El_incidente_del_Becario.lib and object C:\Users\copys\OneDrive\Documentos\a escuela\compu grafica avanzada\proyectos visual studio\proyecto\CGAProyecto-Final\Proyectofinal\Release\El_incidente_del_Becario.exp
LINK : warning LNK4098: defaultlib 'MSVCRTD' conflicts with use of other libs; use /NODEFAULTLIB:library
  Generating code
  1 of 1853 functions (<0.1%) were compiled, the rest were copied from previous compilation.
    0 functions were new in current compilation
    2 functions had inline decision re-evaluated but remain unchanged
  Finished generating code
glfw3.lib(context.obj) : warning LNK4099: PDB 'glfw.pdb' was not found with 'glfw3.lib(context.obj)' or at 'C:\Users\copys\OneDrive\Documentos\a escuela\compu grafica avanzada\proyectos visual studio\proyecto\CGAProyecto-Final\Proyectofinal\Release\glfw.pdb'; linking object as if no debug info
glfw3.lib(init.obj) : warning LNK4099: PDB 'glfw.pdb' was not found with 'glfw3.lib(init.obj)' or at 'C:\Users\copys\OneDrive\Documentos\a escuela\compu grafica avanzada\proyectos visual studio\proyecto\CGAProyecto-Final\Proyectofinal\Release\glfw.pdb'; linking object as if no debug info
glfw3.lib(input.obj) : warning LNK4099: PDB 'glfw.pdb' was not found with 'glfw3.lib(input.obj)' or at 'C:\Users\copys\OneDrive\Documentos\a escuela\compu grafica avanzada\proyectos visual studio\proyecto\CGAProyecto-Final\Proyectofinal\Release\glfw.pdb'; linking object as if no debug info
glfw3.lib(monitor.obj) : warning LNK4099: PDB 'glfw.pdb' was not found with 'glfw3.lib(monitor.obj)' or at 'C:\Users\copys\OneDrive\Documentos\a escuela\compu grafica avanzada\proyectos visual studio\proyecto\CGAProyecto-Final\Proyectofinal\Release\glfw.pdb'; linking object as if no debug info
glfw3.lib(vulkan.obj) : warning LNK4099: PDB 'glfw.pdb' was not found with 'glfw3.lib(vulkan.obj)' or at 'C:\Users\copys\OneDrive\Documentos\a escuela\compu grafica avanzada\proyectos visual studio\proyecto\CGAProyecto-Final\Proyectofinal\Release\glfw.pdb'; linking object as if no debug info
glfw3.lib(window.obj) : warning LNK4099: PDB 'glfw.pdb' was not found with 'glfw3.lib(window.obj)' or at 'C:\Users\copys\OneDrive\Documentos\a escuela\compu grafica avanzada\proyectos visual studio\proyecto\CGAProyecto-Final\Proyectofinal\Release\glfw.pdb'; linking object as if no debug info
glfw3.lib(win32_init.obj) : warning LNK4099: PDB 'glfw.pdb' was not found with 'glfw3.lib(win32_init.obj)' or at 'C:\Users\copys\OneDrive\Documentos\a escuela\compu grafica avanzada\proyectos visual studio\proyecto\CGAProyecto-Final\Proyectofinal\Release\glfw.pdb'; linking object as if no debug info
glfw3.lib(win32_joystick.obj) : warning LNK4099: PDB 'glfw.pdb' was not found with 'glfw3.lib(win32_joystick.obj)' or at 'C:\Users\copys\OneDrive\Documentos\a escuela\compu grafica avanzada\proyectos visual studio\proyecto\CGAProyecto-Final\Proyectofinal\Release\glfw.pdb'; linking object as if no debug info
glfw3.lib(win32_monitor.obj) : warning LNK4099: PDB 'glfw.pdb' was not found with 'glfw3.lib(win32_monitor.obj)' or at 'C:\Users\copys\OneDrive\Documentos\a escuela\compu grafica avanzada\proyectos visual studio\proyecto\CGAProyecto-Final\Proyectofinal\Release\glfw.pdb'; linking object as if no debug info
glfw3.lib(win32_time.obj) : warning LNK4099: PDB 'glfw.pdb' was not found with 'glfw3.lib(win32_time.obj)' or at 'C:\Users\copys\OneDrive\Documentos\a escuela\compu grafica avanzada\proyectos visual studio\proyecto\CGAProyecto-Final\Proyectofinal\Release\glfw.pdb'; linking object as if no debug info
glfw3.lib(win32_tls.obj) : warning LNK4099: PDB 'glfw.pdb' was not found with 'glfw3.lib(win32_tls.obj)' or at 'C:\Users\copys\OneDrive\Documentos\a escuela\compu grafica avanzada\proyectos visual studio\proyecto\CGAProyecto-Final\Proyectofinal\Release\glfw.pdb'; linking object as if no debug info
glfw3.lib(win32_window.obj) : warning LNK4099: PDB 'glfw.pdb' was not found with 'glfw3.lib(win32_window.obj)' or at 'C:\Users\copys\OneDrive\Documentos\a escuela\compu grafica avanzada\proyectos visual studio\proyecto\CGAProyecto-Final\Proyectofinal\Release\glfw.pdb'; linking object as if no debug info
glfw3.lib(wgl_context.obj) : warning LNK4099: PDB 'glfw.pdb' was not found with 'glfw3.lib(wgl_context.obj)' or at 'C:\Users\copys\OneDrive\Documentos\a escuela\compu grafica avanzada\proyectos visual studio\proyecto\CGAProyecto-Final\Proyectofinal\Release\glfw.pdb'; linking object as if no debug info
glfw3.lib(egl_context.obj) : warning LNK4099: PDB 'glfw.pdb' was not found with 'glfw3.lib(egl_context.obj)' or at 'C:\Users\copys\OneDrive\Documentos\a escuela\compu grafica avanzada\proyectos visual studio\proyecto\CGAProyecto-Final\Proyectofinal\Release\glfw.pdb'; linking object as if no debug info
  El_incidente_del_Becario.vcxproj -> C:\Users\copys\OneDrive\Documentos\a escuela\compu grafica avanzada\proyectos visual studio\proyecto\CGAProyecto-Final\Proyectofinal\Release\El_incidente_del_Becario.exe
